['TYPE', 'int']
['IDENTIFIER', 'main']
['LPAREN', '(']
['TYPE', 'int']
['IDENTIFIER', 'num']
['RPAREN', ')']
['LBRACE', '{']
['TYPE', 'int']
['IDENTIFIER', 'num1']
['ASSIGN', '=']
['INTEGER', '0']
['SEMICOLON', ';']
['KEYWORD', 'while']
['LPAREN', '(']
['BOOLEAN', 'true']
['RELOP', '>']
['BOOLEAN', 'false']
['RPAREN', ')']
['LBRACE', '{']
['TYPE', 'String']
['IDENTIFIER', 'h']
['ASSIGN', '=']
['LITERAL', '"Hello"']
['SEMICOLON', ';']
['RBRACE', '}']
['KEYWORD', 'return']
['IDENTIFIER', 'num']
['SEMICOLON', ';']
['RBRACE', '}']
