['KEYWORD', 'class']
['IDENTIFIER', 'Simplesort']
['LBRACE', '{']
['TYPE', 'int']
['LARRAY', '[']
['RARRAY', ']']
['IDENTIFIER', 'sort']
['LPAREN', '(']
['TYPE', 'int']
['IDENTIFIER', 'numOfelements']
['RPAREN', ')']
['LBRACE', '{']
['TYPE', 'String']
['IDENTIFIER', 'subject']
['ASSIGN', '=']
['LITERAL', '"simple sort"']
['SEMICOLON', ';']
['TYPE', 'int']
['IDENTIFIER', 'numberOfkeys']
['ASSIGN', '=']
['INTEGER', '3']
['SEMICOLON', ';']
['KEYWORD', 'if']
['LPAREN', '(']
['IDENTIFIER', 'numOfelements']
['RELOP', '==']
['IDENTIFIER', 'numberOfkeys']
['RPAREN', ')']
['LBRACE', '{']
['IDENTIFIER', 'subject']
['ASSIGN', '=']
['LITERAL', '"sort start"']
['SEMICOLON', ';']
['RBRACE', '}']
['TYPE', 'int']
['LARRAY', '[']
['RARRAY', ']']
['IDENTIFIER', 'key']
['ASSIGN', '=']
['LBRACE', '{']
['INTEGER', '2']
['COMMA', ',']
['INTEGER', '1']
['COMMA', ',']
['INTEGER', '3']
['RBRACE', '}']
['SEMICOLON', ';']
['TYPE', 'int']
['LARRAY', '[']
['RARRAY', ']']
['IDENTIFIER', 'ascend']
['SEMICOLON', ';']
['TYPE', 'int']
['LARRAY', '[']
['RARRAY', ']']
['IDENTIFIER', 'descend']
['SEMICOLON', ';']
['TYPE', 'int']
['IDENTIFIER', 'i']
['ASSIGN', '=']
['INTEGER', '0']
['SEMICOLON', ';']
['IDENTIFIER', 'ascend']
['ASSIGN', '=']
['IDENTIFIER', 'key']
['SEMICOLON', ';']
['KEYWORD', 'while']
['LPAREN', '(']
['IDENTIFIER', 'numberOfkeys']
['RELOP', '!=']
['INTEGER', '0']
['RPAREN', ')']
['LBRACE', '{']
['TYPE', 'int']
['IDENTIFIER', 'j']
['ASSIGN', '=']
['IDENTIFIER', 'i']
['OPERATOR', '+']
['INTEGER', '1']
['SEMICOLON', ';']
['KEYWORD', 'while']
['LPAREN', '(']
['IDENTIFIER', 'numberOfkeys']
['RELOP', '>']
['IDENTIFIER', 'j']
['RPAREN', ')']
['LBRACE', '{']
['KEYWORD', 'if']
['LPAREN', '(']
['IDENTIFIER', 'ascend']
['LARRAY', '[']
['IDENTIFIER', 'i']
['RARRAY', ']']
['RELOP', '<=']
['IDENTIFIER', 'ascend']
['LARRAY', '[']
['IDENTIFIER', 'j']
['RARRAY', ']']
['RPAREN', ')']
['LBRACE', '{']
['IDENTIFIER', 'j']
['ASSIGN', '=']
['IDENTIFIER', 'numberOfkeys']
['SEMICOLON', ';']
['RBRACE', '}']
['KEYWORD', 'else']
['LBRACE', '{']
['TYPE', 'int']
['IDENTIFIER', 'temp']
['ASSIGN', '=']
['IDENTIFIER', 'ascend']
['LARRAY', '[']
['IDENTIFIER', 'j']
['RARRAY', ']']
['SEMICOLON', ';']
['IDENTIFIER', 'ascend']
['LARRAY', '[']
['IDENTIFIER', 'j']
['RARRAY', ']']
['ASSIGN', '=']
['IDENTIFIER', 'ascend']
['LARRAY', '[']
['IDENTIFIER', 'i']
['RARRAY', ']']
['SEMICOLON', ';']
['IDENTIFIER', 'ascend']
['LARRAY', '[']
['IDENTIFIER', 'i']
['RARRAY', ']']
['ASSIGN', '=']
['IDENTIFIER', 'temp']
['SEMICOLON', ';']
['RBRACE', '}']
['IDENTIFIER', 'j']
['ASSIGN', '=']
['IDENTIFIER', 'j']
['OPERATOR', '+']
['INTEGER', '1']
['SEMICOLON', ';']
['RBRACE', '}']
['IDENTIFIER', 'i']
['ASSIGN', '=']
['IDENTIFIER', 'i']
['OPERATOR', '+']
['INTEGER', '1']
['SEMICOLON', ';']
['RBRACE', '}']
['IDENTIFIER', 'descend']
['ASSIGN', '=']
['IDENTIFIER', 'ascend']
['SEMICOLON', ';']
['KEYWORD', 'while']
['LPAREN', '(']
['IDENTIFIER', 'numberOfkeys']
['RELOP', '!=']
['INTEGER', '0']
['RPAREN', ')']
['LBRACE', '{']
['TYPE', 'int']
['IDENTIFIER', 'j']
['ASSIGN', '=']
['IDENTIFIER', 'i']
['OPERATOR', '+']
['INTEGER', '1']
['SEMICOLON', ';']
['KEYWORD', 'while']
['LPAREN', '(']
['IDENTIFIER', 'j']
['RELOP', '<']
['IDENTIFIER', 'numberOfkeys']
['RPAREN', ')']
['LBRACE', '{']
['KEYWORD', 'if']
['LPAREN', '(']
['IDENTIFIER', 'descend']
['LARRAY', '[']
['IDENTIFIER', 'i']
['RARRAY', ']']
['RELOP', '>=']
['IDENTIFIER', 'descend']
['LARRAY', '[']
['IDENTIFIER', 'j']
['RARRAY', ']']
['RPAREN', ')']
['LBRACE', '{']
['IDENTIFIER', 'j']
['ASSIGN', '=']
['IDENTIFIER', 'numberOfkeys']
['SEMICOLON', ';']
['RBRACE', '}']
['KEYWORD', 'else']
['LBRACE', '{']
['TYPE', 'int']
['IDENTIFIER', 'temp']
['ASSIGN', '=']
['IDENTIFIER', 'descend']
['LARRAY', '[']
['IDENTIFIER', 'j']
['RARRAY', ']']
['SEMICOLON', ';']
['IDENTIFIER', 'descend']
['LARRAY', '[']
['IDENTIFIER', 'j']
['RARRAY', ']']
['ASSIGN', '=']
['IDENTIFIER', 'descend']
['LARRAY', '[']
['IDENTIFIER', 'i']
['RARRAY', ']']
['SEMICOLON', ';']
['IDENTIFIER', 'descend']
['LARRAY', '[']
['IDENTIFIER', 'i']
['RARRAY', ']']
['ASSIGN', '=']
['IDENTIFIER', 'temp']
['SEMICOLON', ';']
['RBRACE', '}']
['IDENTIFIER', 'j']
['ASSIGN', '=']
['IDENTIFIER', 'j']
['OPERATOR', '+']
['INTEGER', '1']
['SEMICOLON', ';']
['RBRACE', '}']
['IDENTIFIER', 'i']
['ASSIGN', '=']
['IDENTIFIER', 'i']
['OPERATOR', '+']
['INTEGER', '1']
['SEMICOLON', ';']
['RBRACE', '}']
['KEYWORD', 'return']
['IDENTIFIER', 'key']
['SEMICOLON', ';']
['RBRACE', '}']
['RBRACE', '}']
